# JRE version: OpenJDK Runtime Environment (8.0_112-b05) (build 1.8.0_112-release-b05)
# Java VM: OpenJDK 64-Bit Server VM (25.112-b05 mixed mode bsd-amd64 compressed oops)
Heap:
 PSYoungGen      total 274432K, used 263480K [0x00000007a0000000, 0x00000007b3700000, 0x00000007c0000000)
  eden space 256512K, 95% used [0x00000007a0000000,0x00000007af039d30,0x00000007afa80000)
  from space 17920K, 97% used [0x00000007b2580000,0x00000007b3694620,0x00000007b3700000)
  to   space 26112K, 0% used [0x00000007b0400000,0x00000007b0400000,0x00000007b1d80000)
 ParOldGen       total 66048K, used 48004K [0x0000000760000000, 0x0000000764080000, 0x00000007a0000000)
  object space 66048K, 72% used [0x0000000760000000,0x0000000762ee13c8,0x0000000764080000)
 Metaspace       used 70340K, capacity 73112K, committed 73344K, reserved 1112064K
  class space    used 9191K, capacity 9810K, committed 9856K, reserved 1048576K
GC Heap History (10 events):
Event: 35.554 GC heap before
{Heap before GC invocations=17 (full 3):
 PSYoungGen      total 182272K, used 170971K [0x00000007a0000000, 0x00000007aee00000, 0x00000007c0000000)
  eden space 158720K, 100% used [0x00000007a0000000,0x00000007a9b00000,0x00000007a9b00000)
  from space 23552K, 52% used [0x00000007a9b00000,0x00000007aa6f6ef0,0x00000007ab200000)
  to   space 23040K, 0% used [0x00000007ad780000,0x00000007ad780000,0x00000007aee00000)
 ParOldGen       total 66048K, used 43755K [0x0000000760000000, 0x0000000764080000, 0x00000007a0000000)
  object space 66048K, 66% used [0x0000000760000000,0x0000000762abad10,0x0000000764080000)
 Metaspace       used 60281K, capacity 62532K, committed 62848K, reserved 1103872K
  class space    used 8018K, capacity 8515K, committed 8576K, reserved 1048576K
Event: 35.622 GC heap after
Heap after GC invocations=17 (full 3):
 PSYoungGen      total 215552K, used 23015K [0x00000007a0000000, 0x00000007af780000, 0x00000007c0000000)
  eden space 192512K, 0% used [0x00000007a0000000,0x00000007a0000000,0x00000007abc00000)
  from space 23040K, 99% used [0x00000007ad780000,0x00000007aedf9e28,0x00000007aee00000)
  to   space 28160K, 0% used [0x00000007abc00000,0x00000007abc00000,0x00000007ad780000)
 ParOldGen       total 66048K, used 47972K [0x0000000760000000, 0x0000000764080000, 0x00000007a0000000)
  object space 66048K, 72% used [0x0000000760000000,0x0000000762ed93c8,0x0000000764080000)
 Metaspace       used 60281K, capacity 62532K, committed 62848K, reserved 1103872K
  class space    used 8018K, capacity 8515K, committed 8576K, reserved 1048576K
}
Event: 74.834 GC heap before
{Heap before GC invocations=18 (full 3):
 PSYoungGen      total 215552K, used 215527K [0x00000007a0000000, 0x00000007af780000, 0x00000007c0000000)
  eden space 192512K, 100% used [0x00000007a0000000,0x00000007abc00000,0x00000007abc00000)
  from space 23040K, 99% used [0x00000007ad780000,0x00000007aedf9e28,0x00000007aee00000)
  to   space 28160K, 0% used [0x00000007abc00000,0x00000007abc00000,0x00000007ad780000)
 ParOldGen       total 66048K, used 47972K [0x0000000760000000, 0x0000000764080000, 0x00000007a0000000)
  object space 66048K, 72% used [0x0000000760000000,0x0000000762ed93c8,0x0000000764080000)
 Metaspace       used 60463K, capacity 62888K, committed 63104K, reserved 1103872K
  class space    used 8033K, capacity 8525K, committed 8576K, reserved 1048576K
Event: 74.946 GC heap after
Heap after GC invocations=18 (full 3):
 PSYoungGen      total 220672K, used 10276K [0x00000007a0000000, 0x00000007b1700000, 0x00000007c0000000)
  eden space 192512K, 0% used [0x00000007a0000000,0x00000007a0000000,0x00000007abc00000)
  from space 28160K, 36% used [0x00000007abc00000,0x00000007ac6093c0,0x00000007ad780000)
  to   space 26624K, 0% used [0x00000007afd00000,0x00000007afd00000,0x00000007b1700000)
 ParOldGen       total 66048K, used 47980K [0x0000000760000000, 0x0000000764080000, 0x00000007a0000000)
  object space 66048K, 72% used [0x0000000760000000,0x0000000762edb3c8,0x0000000764080000)
 Metaspace       used 60463K, capacity 62888K, committed 63104K, reserved 1103872K
  class space    used 8033K, capacity 8525K, committed 8576K, reserved 1048576K
}
Event: 82.223 GC heap before
{Heap before GC invocations=19 (full 3):
 PSYoungGen      total 220672K, used 202788K [0x00000007a0000000, 0x00000007b1700000, 0x00000007c0000000)
  eden space 192512K, 100% used [0x00000007a0000000,0x00000007abc00000,0x00000007abc00000)
  from space 28160K, 36% used [0x00000007abc00000,0x00000007ac6093c0,0x00000007ad780000)
  to   space 26624K, 0% used [0x00000007afd00000,0x00000007afd00000,0x00000007b1700000)
 ParOldGen       total 66048K, used 47980K [0x0000000760000000, 0x0000000764080000, 0x00000007a0000000)
  object space 66048K, 72% used [0x0000000760000000,0x0000000762edb3c8,0x0000000764080000)
 Metaspace       used 61333K, capacity 63730K, committed 63872K, reserved 1103872K
  class space    used 8101K, capacity 8576K, committed 8576K, reserved 1048576K
Event: 82.301 GC heap after
Heap after GC invocations=19 (full 3):
 PSYoungGen      total 256000K, used 14421K [0x00000007a0000000, 0x00000007b1500000, 0x00000007c0000000)
  eden space 231424K, 0% used [0x00000007a0000000,0x00000007a0000000,0x00000007ae200000)
  from space 24576K, 58% used [0x00000007afd00000,0x00000007b0b15458,0x00000007b1500000)
  to   space 26112K, 0% used [0x00000007ae200000,0x00000007ae200000,0x00000007afb80000)
 ParOldGen       total 66048K, used 47988K [0x0000000760000000, 0x0000000764080000, 0x00000007a0000000)
  object space 66048K, 72% used [0x0000000760000000,0x0000000762edd3c8,0x0000000764080000)
 Metaspace       used 61333K, capacity 63730K, committed 63872K, reserved 1103872K
  class space    used 8101K, capacity 8576K, committed 8576K, reserved 1048576K
}
Event: 91.251 GC heap before
{Heap before GC invocations=20 (full 3):
 PSYoungGen      total 256000K, used 245206K [0x00000007a0000000, 0x00000007b1500000, 0x00000007c0000000)
  eden space 231424K, 99% used [0x00000007a0000000,0x00000007ae1603f0,0x00000007ae200000)
  from space 24576K, 58% used [0x00000007afd00000,0x00000007b0b15458,0x00000007b1500000)
  to   space 26112K, 0% used [0x00000007ae200000,0x00000007ae200000,0x00000007afb80000)
 ParOldGen       total 66048K, used 47988K [0x0000000760000000, 0x0000000764080000, 0x00000007a0000000)
  object space 66048K, 72% used [0x0000000760000000,0x0000000762edd3c8,0x0000000764080000)
 Metaspace       used 67837K, capacity 70332K, committed 70400K, reserved 1110016K
  class space    used 8870K, capacity 9429K, committed 9472K, reserved 1048576K
Event: 91.315 GC heap after
Heap after GC invocations=20 (full 3):
 PSYoungGen      total 257536K, used 13722K [0x00000007a0000000, 0x00000007b3e80000, 0x00000007c0000000)
  eden space 231424K, 0% used [0x00000007a0000000,0x00000007a0000000,0x00000007ae200000)
  from space 26112K, 52% used [0x00000007ae200000,0x00000007aef66bf8,0x00000007afb80000)
  to   space 25600K, 0% used [0x00000007b2580000,0x00000007b2580000,0x00000007b3e80000)
 ParOldGen       total 66048K, used 47996K [0x0000000760000000, 0x0000000764080000, 0x00000007a0000000)
  object space 66048K, 72% used [0x0000000760000000,0x0000000762edf3c8,0x0000000764080000)
 Metaspace       used 67837K, capacity 70332K, committed 70400K, reserved 1110016K
  class space    used 8870K, capacity 9429K, committed 9472K, reserved 1048576K
}
Event: 122.400 GC heap before
{Heap before GC invocations=21 (full 3):
 PSYoungGen      total 257536K, used 242920K [0x00000007a0000000, 0x00000007b3e80000, 0x00000007c0000000)
  eden space 231424K, 99% used [0x00000007a0000000,0x00000007adfd34d8,0x00000007ae200000)
  from space 26112K, 52% used [0x00000007ae200000,0x00000007aef66bf8,0x00000007afb80000)
  to   space 25600K, 0% used [0x00000007b2580000,0x00000007b2580000,0x00000007b3e80000)
 ParOldGen       total 66048K, used 47996K [0x0000000760000000, 0x0000000764080000, 0x00000007a0000000)
  object space 66048K, 72% used [0x0000000760000000,0x0000000762edf3c8,0x0000000764080000)
 Metaspace       used 69467K, capacity 72244K, committed 72448K, reserved 1112064K
  class space    used 9074K, capacity 9703K, committed 9728K, reserved 1048576K
Event: 122.505 GC heap after
Heap after GC invocations=21 (full 3):
 PSYoungGen      total 274432K, used 17489K [0x00000007a0000000, 0x00000007b3700000, 0x00000007c0000000)
  eden space 256512K, 0% used [0x00000007a0000000,0x00000007a0000000,0x00000007afa80000)
  from space 17920K, 97% used [0x00000007b2580000,0x00000007b3694620,0x00000007b3700000)
  to   space 26112K, 0% used [0x00000007b0400000,0x00000007b0400000,0x00000007b1d80000)
 ParOldGen       total 66048K, used 48004K [0x0000000760000000, 0x0000000764080000, 0x00000007a0000000)
  object space 66048K, 72% used [0x0000000760000000,0x0000000762ee13c8,0x0000000764080000)
 Metaspace       used 69467K, capacity 72244K, committed 72448K, reserved 1112064K
  class space    used 9074K, capacity 9703K, committed 9728K, reserved 1048576K
}

